<?xml version="1.0" encoding="UTF-8"?>
<!-- Generated by org.testng.reporters.JUnitXMLReporter -->
<testsuite ignored="0" hostname="LAPTOP-TI61EAF6" failures="0" tests="2" name="Default test" time="10.117" errors="0" timestamp="2025-09-12T20:02:14 IST">
  <testcase classname="NaveenAutomationLabs.ScenariosTest.RegisterTest" name="ValidRegisterTC1" time="3.563"/>
  <testcase classname="NaveenAutomationLabs.ScenariosTest.RegisterTest" name="ValidRegisterTC1" time="2.854"/>
</testsuite> <!-- Default test -->
