<?xml version="1.0" encoding="UTF-8"?>
<!-- Generated by org.testng.reporters.JUnitXMLReporter -->
<testsuite ignored="0" hostname="LAPTOP-TI61EAF6" failures="0" tests="2" name="Add To cart" time="3.79" errors="0" timestamp="2025-09-13T16:28:40 IST">
  <testcase classname="NaveenAutomationLabs.ScenariosTest.AddProductsToCartsTest" name="Login" time="0.395"/>
  <testcase classname="NaveenAutomationLabs.ScenariosTest.AddProductsToCartsTest" name="AddToCart" time="1.311"/>
</testsuite> <!-- Add To cart -->
