<?xml version="1.0" encoding="UTF-8"?>
<!-- Generated by org.testng.reporters.JUnitXMLReporter -->
<testsuite ignored="0" hostname="LAPTOP-TI61EAF6" failures="1" tests="2" name="Test" time="9.017" errors="0" timestamp="2025-09-12T21:23:29 IST">
  <testcase classname="NaveenAutomationLabs.ScenariosTest.RegisterTest" name="ValidRegisterTC1" time="1.626">
    <failure type="java.lang.AssertionError" message="expected [Your Account Has Been Created!] but found [Register Account]">
      <![CDATA[java.lang.AssertionError: expected [Your Account Has Been Created!] but found [Register Account]
at NaveenAutomationLabs.ScenariosTest.RegisterTest.ValidRegisterTC1(RegisterTest.java:27)
at java.base/java.util.ArrayList.forEach(ArrayList.java:1511)
... Removed 37 stack frames]]>
    </failure>
  </testcase> <!-- ValidRegisterTC1 -->
  <testcase classname="NaveenAutomationLabs.ScenariosTest.RegisterTest" name="ValidRegisterTC1" time="4.004"/>
</testsuite> <!-- Test -->
