<?xml version="1.0" encoding="UTF-8"?>
<testng-results ignored="0" total="2" passed="2" failed="0" skipped="0">
  <reporter-output>
  </reporter-output>
  <suite started-at="2025-09-12T20:06:33 IST" name="Suite" finished-at="2025-09-12T20:06:43 IST" duration-ms="10081">
    <groups>
    </groups>
    <test started-at="2025-09-12T20:06:33 IST" name="Test" finished-at="2025-09-12T20:06:43 IST" duration-ms="10081">
      <class name="NaveenAutomationLabs.ScenariosTest.RegisterTest">
        <test-method is-config="true" signature="LaunchApplication()[pri:0, instance:NaveenAutomationLabs.ScenariosTest.RegisterTest@710636b0]" started-at="2025-09-12T20:06:33 IST" name="LaunchApplication" finished-at="2025-09-12T20:06:37 IST" duration-ms="3698" status="PASS">
          <reporter-output>
          </reporter-output>
        </test-method> <!-- LaunchApplication -->
        <test-method signature="ValidRegisterTC1(java.util.HashMap)[pri:0, instance:NaveenAutomationLabs.ScenariosTest.RegisterTest@710636b0]" started-at="2025-09-12T20:06:37 IST" name="ValidRegisterTC1" data-provider="DataSet" finished-at="2025-09-12T20:06:41 IST" duration-ms="3402" status="PASS">
          <params>
            <param index="0">
              <value>
                <![CDATA[{TelePhone=9022320931, Email=naveen151@gmail.com, LName=LastName, FName=naveen121, Password=Abcd@@1234}]]>
              </value>
            </param>
          </params>
          <reporter-output>
          </reporter-output>
        </test-method> <!-- ValidRegisterTC1 -->
        <test-method signature="ValidRegisterTC1(java.util.HashMap)[pri:0, instance:NaveenAutomationLabs.ScenariosTest.RegisterTest@710636b0]" started-at="2025-09-12T20:06:41 IST" name="ValidRegisterTC1" data-provider="DataSet" finished-at="2025-09-12T20:06:43 IST" duration-ms="2696" status="PASS">
          <params>
            <param index="0">
              <value>
                <![CDATA[{TelePhone=9022320931, Email=naveen152@gmail.com, LName=LastName, FName=NaveenTest2, Password=Abcd@@1234}]]>
              </value>
            </param>
          </params>
          <reporter-output>
          </reporter-output>
        </test-method> <!-- ValidRegisterTC1 -->
        <test-method is-config="true" signature="tearDown()[pri:0, instance:NaveenAutomationLabs.ScenariosTest.RegisterTest@710636b0]" started-at="2025-09-12T20:06:43 IST" name="tearDown" finished-at="2025-09-12T20:06:43 IST" duration-ms="140" status="PASS">
          <reporter-output>
          </reporter-output>
        </test-method> <!-- tearDown -->
      </class> <!-- NaveenAutomationLabs.ScenariosTest.RegisterTest -->
    </test> <!-- Test -->
  </suite> <!-- Suite -->
</testng-results>
