<?xml version="1.0" encoding="UTF-8"?>
<testng-results ignored="0" total="2" passed="2" failed="0" skipped="0">
  <reporter-output>
  </reporter-output>
  <suite started-at="2025-09-13T13:01:16 IST" name="Default suite" finished-at="2025-09-13T13:01:22 IST" duration-ms="6182">
    <groups>
    </groups>
    <test started-at="2025-09-13T13:01:16 IST" name="Default test" finished-at="2025-09-13T13:01:22 IST" duration-ms="6182">
      <class name="NaveenAutomationLabs.ScenariosTest.AddProductsToCartsTest">
        <test-method is-config="true" signature="LaunchApplication()[pri:0, instance:NaveenAutomationLabs.ScenariosTest.AddProductsToCartsTest@192c3f1e]" started-at="2025-09-13T13:01:16 IST" name="LaunchApplication" finished-at="2025-09-13T13:01:19 IST" duration-ms="3347" status="PASS">
          <reporter-output>
          </reporter-output>
        </test-method> <!-- LaunchApplication -->
        <test-method signature="Login(java.util.HashMap)[pri:0, instance:NaveenAutomationLabs.ScenariosTest.AddProductsToCartsTest@192c3f1e]" started-at="2025-09-13T13:01:20 IST" name="Login" data-provider="dataset" finished-at="2025-09-13T13:01:20 IST" duration-ms="461" status="PASS">
          <params>
            <param index="0">
              <value>
                <![CDATA[{TelePhone=9022320931, Email=naveen181@gmail.com, LName=LastName, FName=naveen121, Password=Abcd@@1234}]]>
              </value>
            </param>
          </params>
          <reporter-output>
          </reporter-output>
        </test-method> <!-- Login -->
        <test-method signature="AddToCart()[pri:0, instance:NaveenAutomationLabs.ScenariosTest.AddProductsToCartsTest@192c3f1e]" started-at="2025-09-13T13:01:20 IST" name="AddToCart" finished-at="2025-09-13T13:01:22 IST" depends-on-methods="NaveenAutomationLabs.ScenariosTest.AddProductsToCartsTest.Login" duration-ms="2035" status="PASS">
          <reporter-output>
          </reporter-output>
        </test-method> <!-- AddToCart -->
        <test-method is-config="true" signature="tearDown()[pri:0, instance:NaveenAutomationLabs.ScenariosTest.AddProductsToCartsTest@192c3f1e]" started-at="2025-09-13T13:01:22 IST" name="tearDown" finished-at="2025-09-13T13:01:22 IST" duration-ms="211" status="PASS">
          <reporter-output>
          </reporter-output>
        </test-method> <!-- tearDown -->
      </class> <!-- NaveenAutomationLabs.ScenariosTest.AddProductsToCartsTest -->
    </test> <!-- Default test -->
  </suite> <!-- Default suite -->
</testng-results>
